
2023-10-15 22:10:18.493 [restartedMain] INFO  inventarios.com.Sistema.Inventarios.SistemaInventariosApplication - Starting SistemaInventariosApplication using Java 11.0.18 on Andres_Portatil with PID 26452 (C:\Users\agonz\OneDrive\Documentos\Sistema-Inventarios\build\classes\java\main started by agonz in C:\Users\agonz\OneDrive\Documentos\Sistema-Inventarios)
2023-10-15 22:10:18.502 [restartedMain] INFO  inventarios.com.Sistema.Inventarios.SistemaInventariosApplication - No active profile set, falling back to 1 default profile: "default"
2023-10-15 22:10:18.544 [restartedMain] INFO  org.springframework.boot.devtools.env.DevToolsPropertyDefaultsPostProcessor - Devtools property defaults active! Set 'spring.devtools.add-properties' to 'false' to disable
2023-10-15 22:10:18.544 [restartedMain] INFO  org.springframework.boot.devtools.env.DevToolsPropertyDefaultsPostProcessor - For additional web related logging consider setting the 'logging.level.web' property to 'DEBUG'
2023-10-15 22:10:19.307 [restartedMain] INFO  org.springframework.data.repository.config.RepositoryConfigurationDelegate - Bootstrapping Spring Data JPA repositories in DEFAULT mode.
2023-10-15 22:10:19.380 [restartedMain] INFO  org.springframework.data.repository.config.RepositoryConfigurationDelegate - Finished Spring Data repository scanning in 64 ms. Found 7 JPA repository interfaces.
2023-10-15 22:10:20.333 [restartedMain] INFO  org.springframework.boot.web.embedded.tomcat.TomcatWebServer - Tomcat initialized with port(s): 8080 (http)
2023-10-15 22:10:20.431 [restartedMain] INFO  org.springframework.boot.web.servlet.context.ServletWebServerApplicationContext - Root WebApplicationContext: initialization completed in 1886 ms
2023-10-15 22:10:20.572 [restartedMain] INFO  org.springframework.boot.autoconfigure.h2.H2ConsoleAutoConfiguration - H2 console available at '/h2-console'. Database available at 'jdbc:h2:mem:inventorySystem'
2023-10-15 22:10:20.789 [restartedMain] INFO  org.hibernate.jpa.internal.util.LogHelper - HHH000204: Processing PersistenceUnitInfo [name: default]
2023-10-15 22:10:20.833 [restartedMain] INFO  org.hibernate.Version - HHH000412: Hibernate ORM core version 5.6.15.Final
2023-10-15 22:10:20.963 [restartedMain] INFO  org.hibernate.annotations.common.Version - HCANN000001: Hibernate Commons Annotations {5.1.2.Final}
2023-10-15 22:10:21.069 [restartedMain] INFO  org.hibernate.dialect.Dialect - HHH000400: Using dialect: org.hibernate.dialect.H2Dialect
2023-10-15 22:10:21.753 [restartedMain] INFO  org.hibernate.engine.transaction.jta.platform.internal.JtaPlatformInitiator - HHH000490: Using JtaPlatform implementation: [org.hibernate.engine.transaction.jta.platform.internal.NoJtaPlatform]
2023-10-15 22:10:21.762 [restartedMain] INFO  org.springframework.orm.jpa.LocalContainerEntityManagerFactoryBean - Initialized JPA EntityManagerFactory for persistence unit 'default'
2023-10-15 22:10:22.591 [restartedMain] INFO  org.springframework.security.web.DefaultSecurityFilterChain - Will secure any request with [org.springframework.security.web.session.DisableEncodeUrlFilter@10aa951e, org.springframework.security.web.context.request.async.WebAsyncManagerIntegrationFilter@3026bba4, org.springframework.security.web.context.SecurityContextPersistenceFilter@b971df4, org.springframework.security.web.header.HeaderWriterFilter@569c4dc9, org.springframework.security.web.authentication.logout.LogoutFilter@177a5bac, org.springframework.security.web.authentication.UsernamePasswordAuthenticationFilter@21eba83a, org.springframework.security.web.savedrequest.RequestCacheAwareFilter@33278fcd, org.springframework.security.web.servletapi.SecurityContextHolderAwareRequestFilter@6c5ce0, org.springframework.security.web.authentication.AnonymousAuthenticationFilter@5e5317ac, org.springframework.security.web.session.SessionManagementFilter@212f90e5, org.springframework.security.web.access.ExceptionTranslationFilter@7fa8a52d, org.springframework.security.web.access.intercept.FilterSecurityInterceptor@5f97ee60]
2023-10-15 22:10:22.679 [restartedMain] WARN  org.springframework.boot.autoconfigure.orm.jpa.JpaBaseConfiguration$JpaWebConfiguration - spring.jpa.open-in-view is enabled by default. Therefore, database queries may be performed during view rendering. Explicitly configure spring.jpa.open-in-view to disable this warning
2023-10-15 22:10:23.621 [restartedMain] INFO  org.springframework.boot.devtools.autoconfigure.OptionalLiveReloadServer - LiveReload server is running on port 35729
2023-10-15 22:10:23.655 [restartedMain] INFO  org.springframework.boot.web.embedded.tomcat.TomcatWebServer - Tomcat started on port(s): 8080 (http) with context path ''
2023-10-15 22:10:23.666 [restartedMain] INFO  inventarios.com.Sistema.Inventarios.SistemaInventariosApplication - Started SistemaInventariosApplication in 5.519 seconds (JVM running for 6.384)
2023-10-15 22:10:38.216 [restartedMain] INFO  inventarios.com.Sistema.Inventarios.SistemaInventariosApplication - Starting SistemaInventariosApplication using Java 11.0.18 on Andres_Portatil with PID 27020 (C:\Users\agonz\OneDrive\Documentos\Sistema-Inventarios\build\classes\java\main started by agonz in C:\Users\agonz\OneDrive\Documentos\Sistema-Inventarios)
2023-10-15 22:10:38.224 [restartedMain] INFO  inventarios.com.Sistema.Inventarios.SistemaInventariosApplication - No active profile set, falling back to 1 default profile: "default"
2023-10-15 22:10:38.268 [restartedMain] INFO  org.springframework.boot.devtools.env.DevToolsPropertyDefaultsPostProcessor - Devtools property defaults active! Set 'spring.devtools.add-properties' to 'false' to disable
2023-10-15 22:10:38.268 [restartedMain] INFO  org.springframework.boot.devtools.env.DevToolsPropertyDefaultsPostProcessor - For additional web related logging consider setting the 'logging.level.web' property to 'DEBUG'
2023-10-15 22:10:38.940 [restartedMain] INFO  org.springframework.data.repository.config.RepositoryConfigurationDelegate - Bootstrapping Spring Data JPA repositories in DEFAULT mode.
2023-10-15 22:10:39.013 [restartedMain] INFO  org.springframework.data.repository.config.RepositoryConfigurationDelegate - Finished Spring Data repository scanning in 63 ms. Found 7 JPA repository interfaces.
2023-10-15 22:10:39.976 [restartedMain] INFO  org.springframework.boot.web.embedded.tomcat.TomcatWebServer - Tomcat initialized with port(s): 8080 (http)
2023-10-15 22:10:40.079 [restartedMain] INFO  org.springframework.boot.web.servlet.context.ServletWebServerApplicationContext - Root WebApplicationContext: initialization completed in 1810 ms
2023-10-15 22:10:40.225 [restartedMain] INFO  org.springframework.boot.autoconfigure.h2.H2ConsoleAutoConfiguration - H2 console available at '/h2-console'. Database available at 'jdbc:h2:mem:inventorySystem'
2023-10-15 22:10:40.445 [restartedMain] INFO  org.hibernate.jpa.internal.util.LogHelper - HHH000204: Processing PersistenceUnitInfo [name: default]
2023-10-15 22:10:40.491 [restartedMain] INFO  org.hibernate.Version - HHH000412: Hibernate ORM core version 5.6.15.Final
2023-10-15 22:10:40.637 [restartedMain] INFO  org.hibernate.annotations.common.Version - HCANN000001: Hibernate Commons Annotations {5.1.2.Final}
2023-10-15 22:10:40.754 [restartedMain] INFO  org.hibernate.dialect.Dialect - HHH000400: Using dialect: org.hibernate.dialect.H2Dialect
2023-10-15 22:10:41.491 [restartedMain] INFO  org.hibernate.engine.transaction.jta.platform.internal.JtaPlatformInitiator - HHH000490: Using JtaPlatform implementation: [org.hibernate.engine.transaction.jta.platform.internal.NoJtaPlatform]
2023-10-15 22:10:41.503 [restartedMain] INFO  org.springframework.orm.jpa.LocalContainerEntityManagerFactoryBean - Initialized JPA EntityManagerFactory for persistence unit 'default'
2023-10-15 22:10:42.352 [restartedMain] INFO  org.springframework.security.web.DefaultSecurityFilterChain - Will secure any request with [org.springframework.security.web.session.DisableEncodeUrlFilter@2f8fd2ad, org.springframework.security.web.context.request.async.WebAsyncManagerIntegrationFilter@429dac98, org.springframework.security.web.context.SecurityContextPersistenceFilter@2daa593b, org.springframework.security.web.header.HeaderWriterFilter@6c45fe51, org.springframework.security.web.authentication.logout.LogoutFilter@b1c5e9c, org.springframework.security.web.authentication.UsernamePasswordAuthenticationFilter@7c1c0d4d, org.springframework.security.web.savedrequest.RequestCacheAwareFilter@2c960cdf, org.springframework.security.web.servletapi.SecurityContextHolderAwareRequestFilter@530afbf7, org.springframework.security.web.authentication.AnonymousAuthenticationFilter@47929c2f, org.springframework.security.web.session.SessionManagementFilter@2702a034, org.springframework.security.web.access.ExceptionTranslationFilter@3eed8f6a, org.springframework.security.web.access.intercept.FilterSecurityInterceptor@767b11d1]
2023-10-15 22:10:42.435 [restartedMain] WARN  org.springframework.boot.autoconfigure.orm.jpa.JpaBaseConfiguration$JpaWebConfiguration - spring.jpa.open-in-view is enabled by default. Therefore, database queries may be performed during view rendering. Explicitly configure spring.jpa.open-in-view to disable this warning
2023-10-15 22:10:43.421 [restartedMain] INFO  org.springframework.boot.devtools.autoconfigure.OptionalLiveReloadServer - LiveReload server is running on port 35729
2023-10-15 22:10:43.456 [restartedMain] INFO  org.springframework.boot.web.embedded.tomcat.TomcatWebServer - Tomcat started on port(s): 8080 (http) with context path ''
2023-10-15 22:10:43.467 [restartedMain] INFO  inventarios.com.Sistema.Inventarios.SistemaInventariosApplication - Started SistemaInventariosApplication in 5.639 seconds (JVM running for 6.511)
